<?xml version="1.0" encoding="UTF-8"?>
<!-- Generated by org.testng.reporters.JUnitXMLReporter -->
<testsuite hostname="DESKTOP-ES8HU3L" ignored="10" name="Default test" tests="1" failures="0" timestamp="21 Apr 2018 12:14:00 GMT" time="0.029" errors="0">
  <testcase name="tc002" time="0.0" classname="com.nbc.testscripts.demo.NBC_Demo">
    <skipped/>
  </testcase> <!-- tc002 -->
  <testcase name="tc007" time="0.0" classname="com.nbc.testscripts.demo.NBC_Demo">
    <ignored/>
  </testcase> <!-- tc007 -->
  <testcase name="tc009" time="0.0" classname="com.nbc.testscripts.demo.NBC_Demo">
    <ignored/>
  </testcase> <!-- tc009 -->
  <testcase name="tc004" time="0.0" classname="com.nbc.testscripts.demo.NBC_Demo">
    <ignored/>
  </testcase> <!-- tc004 -->
  <testcase name="tc008" time="0.0" classname="com.nbc.testscripts.demo.NBC_Demo">
    <ignored/>
  </testcase> <!-- tc008 -->
  <testcase name="tc010" time="0.0" classname="com.nbc.testscripts.demo.NBC_Demo">
    <ignored/>
  </testcase> <!-- tc010 -->
  <testcase name="tc001" time="0.0" classname="com.nbc.testscripts.demo.NBC_Demo">
    <ignored/>
  </testcase> <!-- tc001 -->
  <testcase name="tc003" time="0.0" classname="com.nbc.testscripts.demo.NBC_Demo">
    <ignored/>
  </testcase> <!-- tc003 -->
  <testcase name="tc006" time="0.0" classname="com.nbc.testscripts.demo.NBC_Demo">
    <ignored/>
  </testcase> <!-- tc006 -->
  <testcase name="tc005" time="0.0" classname="com.nbc.testscripts.demo.NBC_Demo">
    <ignored/>
  </testcase> <!-- tc005 -->
  <testcase name="tc011" time="0.0" classname="com.nbc.testscripts.demo.NBC_Demo">
    <ignored/>
  </testcase> <!-- tc011 -->
</testsuite> <!-- Default test -->
